Build started 20/06/2017 8:56:11 CH.
     1>Project "C:\Users\mtSiniChi\Dropbox\STDIO\GameEngine\proj\Engine.vcxproj" on node 2 (Build target(s)).
     1>C:\Program Files (x86)\MSBuild\Microsoft.Cpp\v4.0\V120\Microsoft.CppBuild.targets(357,5): warning MSB8004: Output Directory does not end with a trailing slash.  This build instance will add the slash as it is required to allow proper evaluation of the Output Directory.
     1>C:\Program Files (x86)\MSBuild\Microsoft.Cpp\v4.0\V120\Microsoft.CppBuild.targets(381,5): warning MSB8028: The intermediate directory (Debug\) contains files shared from another project (Application.vcxproj).  This can lead to incorrect clean and rebuild behavior.
     1>ClCompile:
         C:\Program Files (x86)\Microsoft Visual Studio 12.0\VC\bin\CL.exe /c /IC:\Users\mtSiniChi\Dropbox\STDIO\GameEngine\proj\/../lib/SDL2/include /IC:\Users\mtSiniChi\Dropbox\STDIO\GameEngine\proj\/../lib/SDL2_mixer/include /IC:\Users\mtSiniChi\Dropbox\STDIO\GameEngine\proj\/../lib/SDL2_ttf/include /IC:\Users\mtSiniChi\Dropbox\STDIO\GameEngine\proj\/../lib/SDL2_image/include /I"C:\Program Files (x86)\Visual Leak Detector\include" /ZI /nologo /W3 /WX- /sdl /Od /Oy- /D _MBCS /Gm /EHsc /RTC1 /MDd /GS /fp:precise /Zc:wchar_t /Zc:forScope /Fo"Debug\\" /Fd"Debug\vc120.pdb" /Gd /TP /analyze- /errorReport:prompt ..\src\CApplication.cpp ..\src\CButton.cpp ..\src\CImage.cpp ..\src\CInput.cpp ..\src\CManageScence.cpp ..\src\CMusic.cpp ..\src\CRenderer.cpp ..\src\CResourceManage.cpp ..\src\CSprite.cpp ..\src\CText.cpp
         CText.cpp
         CSprite.cpp
     1>c:\users\mtsinichi\dropbox\stdio\gameengine\src\csprite.cpp(79): warning C4244: '=' : conversion from 'float' to 'int', possible loss of data
     1>c:\users\mtsinichi\dropbox\stdio\gameengine\src\csprite.cpp(80): warning C4244: '=' : conversion from 'float' to 'int', possible loss of data
     1>c:\users\mtsinichi\dropbox\stdio\gameengine\src\csprite.cpp(131): warning C4244: '=' : conversion from 'float' to 'int', possible loss of data
     1>c:\users\mtsinichi\dropbox\stdio\gameengine\src\csprite.cpp(132): warning C4244: '=' : conversion from 'float' to 'int', possible loss of data
         CResourceManage.cpp
         CRenderer.cpp
     1>c:\users\mtsinichi\dropbox\stdio\gameengine\src\crenderer.cpp(16): warning C4150: deletion of pointer to incomplete type 'SDL_Renderer'; no destructor called
                 c:\users\mtsinichi\dropbox\stdio\gameengine\lib\sdl2\include\sdl_render.h(121) : see declaration of 'SDL_Renderer'
     1>c:\users\mtsinichi\dropbox\stdio\gameengine\src\crenderer.cpp(122): warning C4244: '=' : conversion from 'float' to 'int', possible loss of data
     1>c:\users\mtsinichi\dropbox\stdio\gameengine\src\crenderer.cpp(123): warning C4244: '=' : conversion from 'float' to 'int', possible loss of data
         CMusic.cpp
         CManageScence.cpp
         CInput.cpp
         CImage.cpp
         CButton.cpp
         CApplication.cpp
     1>c:\users\mtsinichi\dropbox\stdio\gameengine\src\capplication.cpp(60): warning C4305: 'return' : truncation from 'int' to 'bool'
     1>c:\users\mtsinichi\dropbox\stdio\gameengine\src\capplication.cpp(86): warning C4244: 'initializing' : conversion from 'const int' to 'float', possible loss of data
     1>c:\users\mtsinichi\dropbox\stdio\gameengine\src\capplication.cpp(88): warning C4244: 'initializing' : conversion from 'float' to 'clock_t', possible loss of data
     1>c:\users\mtsinichi\dropbox\stdio\gameengine\src\capplication.cpp(97): warning C4244: 'argument' : conversion from 'clock_t' to 'float', possible loss of data
     1>c:\users\mtsinichi\dropbox\stdio\gameengine\src\capplication.cpp(109): warning C4244: 'argument' : conversion from 'float' to 'Uint32', possible loss of data
     1>c:\users\mtsinichi\dropbox\stdio\gameengine\src\capplication.cpp(110): warning C4244: '=' : conversion from 'float' to 'clock_t', possible loss of data
         Generating Code...
     1>c:\users\mtsinichi\dropbox\stdio\gameengine\src\csprite.cpp(40): warning C4715: 'CSprite::loadSprite' : not all control paths return a value
       Lib:
         C:\Program Files (x86)\Microsoft Visual Studio 12.0\VC\bin\Lib.exe /OUT:"C:\Users\mtSiniChi\Dropbox\STDIO\GameEngine\proj\/../bin\Engine.lib" /LIBPATH:"C:\Program Files (x86)\Visual Leak Detector\lib\Win32" /NOLOGO Debug\CApplication.obj
         Debug\CButton.obj
         Debug\CImage.obj
         Debug\CInput.obj
         Debug\CManageScence.obj
         Debug\CMusic.obj
         Debug\CRenderer.obj
         Debug\CResourceManage.obj
         Debug\CSprite.obj
         Debug\CText.obj
         Engine.vcxproj -> C:\Users\mtSiniChi\Dropbox\STDIO\GameEngine\proj\/../bin\Engine.lib
     1>Done Building Project "C:\Users\mtSiniChi\Dropbox\STDIO\GameEngine\proj\Engine.vcxproj" (Build target(s)).

Build succeeded.

Time Elapsed 00:00:14.01
